<?xml version="1.0" encoding="UTF-8"?>
<!-- Generated by org.testng.reporters.JUnitXMLReporter -->
<testsuite ignored="0" hostname="DESKTOP-63R5SBN" failures="0" tests="3" name="Default test" time="8.592" errors="0" timestamp="2024-02-20T16:49:38 EET">
  <testcase classname="LoginPage.LoginPageTestCases" name="verifyLoginWithValidUsernameAndPassword" time="1.698"/>
  <testcase classname="LoginPage.LoginPageTestCases" name="verifyLogout" time="0.618"/>
  <testcase classname="LoginPage.LoginPageTestCases" name="verifyTableData" time="1.264"/>
</testsuite> <!-- Default test -->
