<?xml version="1.0" encoding="UTF-8"?>
<testng-results ignored="0" total="3" passed="3" failed="0" skipped="0">
  <reporter-output>
  </reporter-output>
  <suite started-at="2024-02-20T16:49:30 EET" name="Default suite" finished-at="2024-02-20T16:49:38 EET" duration-ms="8592">
    <groups>
    </groups>
    <test started-at="2024-02-20T16:49:30 EET" name="Default test" finished-at="2024-02-20T16:49:38 EET" duration-ms="8592">
      <class name="LoginPage.LoginPageTestCases">
        <test-method is-config="true" signature="setUp()[pri:0, instance:LoginPage.LoginPageTestCases@24d09c1]" started-at="2024-02-20T16:49:30 EET" name="setUp" finished-at="2024-02-20T16:49:35 EET" duration-ms="4978" status="PASS">
          <reporter-output>
          </reporter-output>
        </test-method> <!-- setUp -->
        <test-method signature="verifyLoginWithValidUsernameAndPassword()[pri:1, instance:LoginPage.LoginPageTestCases@24d09c1]" started-at="2024-02-20T16:49:35 EET" name="verifyLoginWithValidUsernameAndPassword" finished-at="2024-02-20T16:49:36 EET" duration-ms="1698" status="PASS">
          <reporter-output>
          </reporter-output>
        </test-method> <!-- verifyLoginWithValidUsernameAndPassword -->
        <test-method signature="verifyLogout()[pri:2, instance:LoginPage.LoginPageTestCases@24d09c1]" started-at="2024-02-20T16:49:36 EET" name="verifyLogout" finished-at="2024-02-20T16:49:37 EET" duration-ms="618" status="PASS">
          <reporter-output>
          </reporter-output>
        </test-method> <!-- verifyLogout -->
        <test-method signature="verifyTableData()[pri:3, instance:LoginPage.LoginPageTestCases@24d09c1]" started-at="2024-02-20T16:49:37 EET" name="verifyTableData" finished-at="2024-02-20T16:49:38 EET" duration-ms="1264" status="PASS">
          <reporter-output>
          </reporter-output>
        </test-method> <!-- verifyTableData -->
      </class> <!-- LoginPage.LoginPageTestCases -->
    </test> <!-- Default test -->
  </suite> <!-- Default suite -->
</testng-results>
